[24-04-2024 20:17.30] Método: GET. Url: /api/pacientes
[24-04-2024 20:17.33] Método: PUT. Url: /api/pacientes
[24-04-2024 20:17.34] Método: DELETE. Url: /api/pacientes
[24-04-2024 20:17.36] Método: POST. Url: /api/pacientes
[24-04-2024 20:17.37] Método: GET. Url: /api/pacientes
[24-04-2024 20:23.30] Método: GET. Url: /api/pacientes
[24-04-2024 20:24.09] Método: PUT. Url: /api/pacientes
[24-04-2024 20:34.06] Método: PUT. Url: /api/pacientes/78979
[24-04-2024 20:34.58] Método: PUT. Url: /api/pacientes/78979
[24-04-2024 20:37.57] Método: PUT. Url: /api/pacientes/78979
[24-04-2024 20:38.08] Método: PUT. Url: /api/pacientes/54323
[24-04-2024 20:47.22] Método: POST. Url: /api/pacientes
[24-04-2024 20:47.55] Método: POST. Url: /api/pacientes
[24-04-2024 20:49.26] Método: POST. Url: /api/pacientes
[24-04-2024 20:51.32] Método: POST. Url: /api/pacientes
[24-04-2024 20:54.36] Método: POST. Url: /api/pacientes
[25-04-2024 19:13.08] Método: GET. Url: /api/pacientes
[25-04-2024 19:13.44] Método: GET. Url: /api/pacientes?page=3&limit=15
[25-04-2024 19:15.16] Método: GET. Url: /api/pacientes?page=3
[25-04-2024 19:15.26] Método: GET. Url: /api/pacientes
[25-04-2024 20:03.25] Método: GET. Url: /api/pacientes
[25-04-2024 20:04.13] Método: GET. Url: /api/pacientes
[25-04-2024 20:10.04] Método: GET. Url: /api/pacientes
[25-04-2024 20:19.26] Método: GET. Url: /api/pacientes
[25-04-2024 20:21.20] Método: GET. Url: /api/pacientes
[25-04-2024 20:24.59] Método: GET. Url: /api/pacientes
[25-04-2024 20:26.17] Método: GET. Url: /api/pacientes
[25-04-2024 20:38.12] Método: GET. Url: /api/pacientes
[25-04-2024 20:39.11] Método: GET. Url: /api/pacientes
[25-04-2024 20:43.41] Método: GET. Url: /api/pacientes
[25-04-2024 20:43.57] Método: POST. Url: /api/pacientes
[25-04-2024 20:43.59] Método: PUT. Url: /api/pacientes/54323
[25-04-2024 20:44.02] Método: DELETE. Url: /api/pacientes/789912
[25-04-2024 20:46.54] Método: GET. Url: /api/pacientes
[25-04-2024 21:00.07] Método: GET. Url: /api/pacientes
[25-04-2024 21:00.21] Método: GET. Url: /api/pacientes
[25-04-2024 21:00.40] Método: GET. Url: /api/pacientes/3
[25-04-2024 21:01.00] Método: GET. Url: /api/pacientes/5
[30-04-2024 19:11.34] Método: GET. Url: /api/pacientes/5
[30-04-2024 19:11.50] Método: GET. Url: /api/pacientes/89
[30-04-2024 19:14.56] Método: GET. Url: /api/pacientes/89
[30-04-2024 19:27.37] Método: GET. Url: /api/pacientes/89
[30-04-2024 19:27.41] Método: GET. Url: /api/pacientes/5
[30-04-2024 19:36.53] Método: GET. Url: /api/pacientes/5
[30-04-2024 19:37.07] Método: GET. Url: /api/pacientes/5
[30-04-2024 19:37.22] Método: GET. Url: /api/pacientes/5
[30-04-2024 20:00.53] Método: POST. Url: /api/pacientes
[30-04-2024 20:05.28] Método: POST. Url: /api/pacientes
[30-04-2024 20:07.29] Método: POST. Url: /api/pacientes
[30-04-2024 20:15.52] Método: POST. Url: /api/pacientes
[30-04-2024 20:23.02] Método: POST. Url: /api/pacientes
[30-04-2024 20:28.26] Método: POST. Url: /api/pacientes
[30-04-2024 20:46.47] Método: PUT. Url: /api/pacientes/16
[30-04-2024 20:50.39] Método: PUT. Url: /api/pacientes/16
[30-04-2024 20:55.39] Método: PUT. Url: /api/pacientes/13
[07-05-2024 19:18.15] Método: DELETE. Url: /api/pacientes/2
[07-05-2024 19:20.57] Método: DELETE. Url: /api/pacientes/2
[07-05-2024 19:23.52] Método: DELETE. Url: /api/pacientes/2
[07-05-2024 19:29.27] Método: DELETE. Url: /api/pacientes/17
[07-05-2024 19:29.31] Método: DELETE. Url: /api/pacientes/17
[07-05-2024 19:43.44] Método: POST. Url: /api/usuarios/registro
[07-05-2024 20:17.39] Método: POST. Url: /api/usuarios/registro
[07-05-2024 20:18.47] Método: POST. Url: /api/usuarios/registro
[07-05-2024 20:24.34] Método: POST. Url: /api/usuarios/login
[07-05-2024 20:42.42] Método: POST. Url: /api/usuarios/login
[07-05-2024 20:42.52] Método: POST. Url: /api/usuarios/login
[07-05-2024 20:43.14] Método: POST. Url: /api/usuarios/login
[07-05-2024 20:43.19] Método: POST. Url: /api/usuarios/login
[07-05-2024 20:43.22] Método: POST. Url: /api/usuarios/login
[07-05-2024 20:44.13] Método: POST. Url: /api/usuarios/login
[07-05-2024 20:52.12] Método: POST. Url: /api/usuarios/login
[07-05-2024 20:52.18] Método: POST. Url: /api/usuarios/login
[07-05-2024 20:52.20] Método: POST. Url: /api/usuarios/login
[07-05-2024 20:52.25] Método: POST. Url: /api/usuarios/login
[08-05-2024 19:35.17] Método: POST. Url: /api/usuarios/login
[08-05-2024 19:54.04] Método: GET. Url: /api/pacientes
[08-05-2024 20:02.46] Método: GET. Url: /api/pacientes
[08-05-2024 20:03.04] Método: GET. Url: /api/pacientes
[08-05-2024 20:03.11] Método: GET. Url: /api/pacientes
[08-05-2024 20:03.40] Método: GET. Url: /api/pacientes
[08-05-2024 20:04.07] Método: GET. Url: /api/pacientes
[08-05-2024 20:10.57] Método: GET. Url: /api/pacientes
[08-05-2024 20:11.31] Método: GET. Url: /api/pacientes
[08-05-2024 20:13.51] Método: POST. Url: /api/usuarios/login
[08-05-2024 20:14.56] Método: GET. Url: /api/pacientes
[08-05-2024 20:17.01] Método: GET. Url: /api/pacientes
[08-05-2024 20:17.49] Método: GET. Url: /api/pacientes
[08-05-2024 20:18.20] Método: GET. Url: /api/pacientes
[08-05-2024 20:18.36] Método: GET. Url: /api/pacientes
[08-05-2024 20:20.11] Método: GET. Url: /api/pacientes
[08-05-2024 20:21.21] Método: GET. Url: /api/pacientes
[08-05-2024 20:30.24] Método: GET. Url: /api/pacientes
[08-05-2024 20:30.57] Método: GET. Url: /api/pacientes
[08-05-2024 20:31.54] Método: GET. Url: /api/pacientes
[08-05-2024 20:35.29] Método: GET. Url: /api/pacientes
[08-05-2024 20:35.38] Método: GET. Url: /api/pacientes
[08-05-2024 20:35.47] Método: POST. Url: /api/usuarios/login
[08-05-2024 20:36.21] Método: GET. Url: /api/pacientes
[08-05-2024 20:37.28] Método: GET. Url: /api/pacientes
[08-05-2024 20:37.57] Método: POST. Url: /api/usuarios/login
[08-05-2024 20:38.24] Método: GET. Url: /api/pacientes
[08-05-2024 20:43.18] Método: GET. Url: /api/pacientes
[08-05-2024 20:44.20] Método: POST. Url: /api/usuarios/login
[08-05-2024 20:44.33] Método: GET. Url: /api/pacientes
[08-05-2024 20:46.02] Método: POST. Url: /api/usuarios/login
[08-05-2024 20:52.41] Método: GET. Url: /api/usuarios/perfil
[08-05-2024 20:52.52] Método: GET. Url: /api/usuarios/perfil
[08-05-2024 20:53.06] Método: GET. Url: /api/usuarios/perfil
[08-05-2024 20:53.54] Método: POST. Url: /api/usuarios/login
[08-05-2024 20:54.08] Método: GET. Url: /api/usuarios/perfil
[09-05-2024 19:18.24] Método: POST. Url: /api/pacientes
[09-05-2024 19:18.55] Método: POST. Url: /api/pacientes
[09-05-2024 19:19.20] Método: POST. Url: /api/pacientes
[09-05-2024 19:22.58] Método: POST. Url: /api/pacientes
[09-05-2024 19:26.49] Método: POST. Url: /api/pacientes
[09-05-2024 19:27.23] Método: POST. Url: /api/usuarios/login
[09-05-2024 19:27.39] Método: POST. Url: /api/pacientes
[09-05-2024 19:44.09] Método: GET. Url: /api/pacientes
[09-05-2024 19:44.24] Método: POST. Url: /api/usuarios/login
[09-05-2024 19:44.35] Método: GET. Url: /api/pacientes
[09-05-2024 20:00.19] Método: GET. Url: /api/pacientes/5
[09-05-2024 20:00.26] Método: GET. Url: /api/pacientes/5
[09-05-2024 20:00.40] Método: GET. Url: /api/pacientes/5
[09-05-2024 20:00.48] Método: GET. Url: /api/pacientes/12
[09-05-2024 20:00.57] Método: GET. Url: /api/pacientes/2156
[09-05-2024 20:01.37] Método: GET. Url: /api/pacientes/2156
[09-05-2024 20:01.41] Método: GET. Url: /api/pacientes/1
[24-05-2024 22:22.54] Método: DELETE. Url: /api/pacientes/17
[24-05-2024 22:23.49] Método: GET. Url: /
[24-05-2024 22:24.27] Método: POST. Url: /api/usuarios/registro
[24-05-2024 22:35.44] Método: POST. Url: /api/pacientes
[24-05-2024 22:35.51] Método: POST. Url: /api/pacientes
[24-05-2024 22:35.52] Método: POST. Url: /api/pacientes
[24-05-2024 22:36.00] Método: POST. Url: /api/pacientes
[24-05-2024 22:36.21] Método: GET. Url: /
[24-05-2024 22:37.17] Método: POST. Url: /api/usuarios/registro
[24-05-2024 22:37.21] Método: POST. Url: /api/usuarios/registro
[24-05-2024 22:44.23] Método: POST. Url: /api/usuarios/registro
[24-05-2024 22:45.42] Método: POST. Url: /api/usuarios/registro
[24-05-2024 22:46.28] Método: POST. Url: /api/usuarios/registro
[24-05-2024 22:47.45] Método: GET. Url: /api/usuarios
[24-05-2024 22:47.59] Método: GET. Url: /
[24-05-2024 22:51.58] Método: GET. Url: /api/usuario
[24-05-2024 22:52.03] Método: GET. Url: /api/usuarios
[28-05-2024 08:40.32] Método: POST. Url: /api/usuarios/registro
[28-05-2024 08:42.10] Método: POST. Url: /api/usuarios/registro
[28-05-2024 08:43.11] Método: POST. Url: /api/usuarios/registro
[28-05-2024 08:44.30] Método: POST. Url: /api/usuarios/login
[28-05-2024 08:44.38] Método: POST. Url: /api/usuarios/login
[28-05-2024 08:45.13] Método: POST. Url: /api/usuarios/login
[28-05-2024 08:45.35] Método: GET. Url: /
[28-05-2024 08:46.03] Método: POST. Url: /api/usuarios/registro
[28-05-2024 08:46.55] Método: POST. Url: /api/usuarios/login
[28-05-2024 08:49.02] Método: POST. Url: /api/usuarios/registro
[28-05-2024 08:52.28] Método: POST. Url: /api/usuarios/login
[28-05-2024 08:52.51] Método: POST. Url: /api/usuarios/login
[28-05-2024 08:53.19] Método: GET. Url: /api/usuarios/perfil
[28-05-2024 11:25.53] Método: POST. Url: /api/usuarios/login
[28-05-2024 11:26.18] Método: POST. Url: /api/usuarios/login
[28-05-2024 11:29.20] Método: GET. Url: /api/usuarios/perfil
[28-05-2024 11:32.57] Método: GET. Url: /api/usuarios/perfil
[28-05-2024 11:40.29] Método: GET. Url: /api/usuarios/perfil
[28-05-2024 11:40.34] Método: POST. Url: /api/usuarios/login
[28-05-2024 11:41.04] Método: GET. Url: /api/grupo/1
[28-05-2024 11:41.48] Método: GET. Url: /api/usuarios/perfil
[28-05-2024 11:52.18] Método: GET. Url: /api/usuarios/perfil
[28-05-2024 11:52.43] Método: POST. Url: /api/usuarios/registro
[28-05-2024 11:52.50] Método: POST. Url: /api/usuarios/login
[28-05-2024 11:52.58] Método: GET. Url: /api/usuarios/perfil
[28-05-2024 11:54.03] Método: GET. Url: /api/usuarios/perfil
[28-05-2024 11:54.09] Método: POST. Url: /api/usuarios/login
[28-05-2024 11:54.13] Método: GET. Url: /api/usuarios/perfil
[28-05-2024 11:59.44] Método: GET. Url: /api/usuarios/perfil
[28-05-2024 11:59.47] Método: GET. Url: /api/usuarios/perfil
[28-05-2024 11:59.54] Método: POST. Url: /api/usuarios/login
[28-05-2024 12:00.45] Método: GET. Url: /api/grupo
[28-05-2024 12:01.03] Método: GET. Url: /api/grupos
[28-05-2024 12:01.17] Método: GET. Url: /api/usuarios
[28-05-2024 12:01.30] Método: GET. Url: /api/usuario
[28-05-2024 12:01.35] Método: GET. Url: /api/usuarios
